Using pre-set license
Built from '2021.1/staging' branch; Version is '2021.1.7f1 (d91830b65d9b) revision 14227504'; Using compiler version '192528614'; Build Type 'Release'
OS: 'Windows 10 Home; OS build 19044.1586; Version 2009; 64bit' Language: 'en' Physical Memory: 32599 MB
BatchMode: 1, IsHumanControllingUs: 0, StartBugReporterOnCrash: 0, Is64bit: 1, IsPro: 0

 COMMAND LINE ARGUMENTS:
C:\Program Files\Unity\Hub\Editor\2021.1.7f1\Editor\Unity.exe
-adb2
-batchMode
-noUpm
-name
AssetImportWorker0
-projectPath
C:/Users/mijst/Documents/Git/VFX_2022/VFX_2022/VFX_2022_
-logFile
Logs/AssetImportWorker0.log
-srvPort
51943
Successfully changed project path to: C:/Users/mijst/Documents/Git/VFX_2022/VFX_2022/VFX_2022_
C:/Users/mijst/Documents/Git/VFX_2022/VFX_2022/VFX_2022_
Using Asset Import Pipeline V2.
Refreshing native plugins compatible for Editor in 110.27 ms, found 1 plugins.
Preloading 0 native plugins for Editor in 0.00 ms.
Initialize engine version: 2021.1.7f1 (d91830b65d9b)
[Subsystems] Discovering subsystems at path C:/Program Files/Unity/Hub/Editor/2021.1.7f1/Editor/Data/Resources/UnitySubsystems
[Subsystems] Discovering subsystems at path C:/Users/mijst/Documents/Git/VFX_2022/VFX_2022/VFX_2022_/Assets
GfxDevice: creating device client; threaded=0; jobified=0
Direct3D:
    Version:  Direct3D 11.0 [level 11.1]
    Renderer: NVIDIA GeForce RTX 3070 Laptop GPU (ID=0x249d)
    Vendor:   NVIDIA
    VRAM:     8044 MB
    Driver:   27.21.14.6179
Shader 'Universal Render Pipeline/Particles/Lit': fallback shader 'Universal Render Pipeline/Particles/SimpleLit' not found
Initialize mono
Mono path[0] = 'C:/Program Files/Unity/Hub/Editor/2021.1.7f1/Editor/Data/Managed'
Mono path[1] = 'C:/Program Files/Unity/Hub/Editor/2021.1.7f1/Editor/Data/MonoBleedingEdge/lib/mono/unityjit'
Mono config path = 'C:/Program Files/Unity/Hub/Editor/2021.1.7f1/Editor/Data/MonoBleedingEdge/etc'
Using monoOptions --debugger-agent=transport=dt_socket,embedding=1,server=y,suspend=n,address=127.0.0.1:56324
Begin MonoManager ReloadAssembly
Registering precompiled unity dll's ...
Register platform support module: C:/Program Files/Unity/Hub/Editor/2021.1.7f1/Editor/Data/PlaybackEngines/WindowsStandaloneSupport/UnityEditor.WindowsStandalone.Extensions.dll
Registered in 0.002321 seconds.
Native extension for WindowsStandalone target not found
Refreshing native plugins compatible for Editor in 117.64 ms, found 1 plugins.
Preloading 0 native plugins for Editor in 0.00 ms.
Mono: successfully reloaded assembly
- Completed reload, in  1.318 seconds
Platform modules already initialized, skipping
Registering precompiled user dll's ...
Registered in 0.003441 seconds.
Begin MonoManager ReloadAssembly
Symbol file LoadedFromMemory doesn't match image C:\Users\mijst\Documents\Git\VFX_2022\VFX_2022\VFX_2022_\Library\PackageCache\com.unity.visualscripting@1.6.1\Editor\VisualScripting.Core\Dependencies\YamlDotNet\Unity.VisualScripting.YamlDotNet.dll
Symbol file LoadedFromMemory doesn't match image C:\Users\mijst\Documents\Git\VFX_2022\VFX_2022\VFX_2022_\Library\PackageCache\com.unity.visualscripting@1.6.1\Editor\VisualScripting.Core\Dependencies\DotNetZip\Unity.VisualScripting.IonicZip.dll
Native extension for WindowsStandalone target not found
Refreshing native plugins compatible for Editor in 103.93 ms, found 1 plugins.
Preloading 0 native plugins for Editor in 0.00 ms.
Mono: successfully reloaded assembly
- Completed reload, in  1.164 seconds
Platform modules already initialized, skipping
========================================================================
Worker process is ready to serve import requests
Shader 'Universal Render Pipeline/Particles/Lit': fallback shader 'Universal Render Pipeline/Particles/SimpleLit' not found
Launched and connected shader compiler UnityShaderCompiler.exe after 0.03 seconds
Refreshing native plugins compatible for Editor in 1.35 ms, found 1 plugins.
Preloading 0 native plugins for Editor in 0.00 ms.
Unloading 4471 Unused Serialized files (Serialized files now loaded: 0)
System memory in use before: 262.5 MB.
System memory in use after: 262.8 MB.

Unloading 13 unused Assets to reduce memory usage. Loaded Objects now: 4951.
Total: 2.611700 ms (FindLiveObjects: 0.380200 ms CreateObjectMapping: 0.352100 ms MarkObjects: 1.792300 ms  DeleteObjects: 0.086100 ms)

========================================================================
Received Import Request.
  path: Assets/VAG/Particle_Trail.vfx
  artifactKey: Guid(9363701202573574cb7b880a88ad88ac) Importer(815301076,1909f56bfc062723c751e8b465ee728b)
Start importing Assets/VAG/Particle_Trail.vfx using Guid(9363701202573574cb7b880a88ad88ac) Importer(815301076,1909f56bfc062723c751e8b465ee728b)  -> (artifact id: '82030a3c029973e2965d1d1556a087f4') in 0.033947 seconds 
========================================================================
Received Import Request.
  Time since last request: 20.836739 seconds.
  path: Assets/VAG/Particle_Trail.vfx
  artifactKey: Guid(9363701202573574cb7b880a88ad88ac) Importer(815301076,1909f56bfc062723c751e8b465ee728b)
Start importing Assets/VAG/Particle_Trail.vfx using Guid(9363701202573574cb7b880a88ad88ac) Importer(815301076,1909f56bfc062723c751e8b465ee728b)  -> (artifact id: '283fe603fd73ca9d52bed4ec2ffc17e0') in 0.003638 seconds 
========================================================================
Received Import Request.
  Time since last request: 48.260462 seconds.
  path: Assets/VAG/New VFX.vfx
  artifactKey: Guid(651ef3500afa67740b85d4e0cffe3fa0) Importer(815301076,1909f56bfc062723c751e8b465ee728b)
Start importing Assets/VAG/New VFX.vfx using Guid(651ef3500afa67740b85d4e0cffe3fa0) Importer(815301076,1909f56bfc062723c751e8b465ee728b)  -> (artifact id: '48cf5feca9c6890032dfbaec28b69ef3') in 0.007923 seconds 
========================================================================
Received Prepare
Registering precompiled user dll's ...
Registered in 0.003173 seconds.
Begin MonoManager ReloadAssembly
Symbol file LoadedFromMemory doesn't match image C:\Users\mijst\Documents\Git\VFX_2022\VFX_2022\VFX_2022_\Library\PackageCache\com.unity.visualscripting@1.6.1\Editor\VisualScripting.Core\Dependencies\YamlDotNet\Unity.VisualScripting.YamlDotNet.dll
Symbol file LoadedFromMemory doesn't match image C:\Users\mijst\Documents\Git\VFX_2022\VFX_2022\VFX_2022_\Library\PackageCache\com.unity.visualscripting@1.6.1\Editor\VisualScripting.Core\Dependencies\DotNetZip\Unity.VisualScripting.IonicZip.dll
Native extension for WindowsStandalone target not found
Refreshing native plugins compatible for Editor in 1.11 ms, found 1 plugins.
Preloading 0 native plugins for Editor in 0.00 ms.
Mono: successfully reloaded assembly
- Completed reload, in  1.980 seconds
Platform modules already initialized, skipping
Shader 'Universal Render Pipeline/Particles/Lit': fallback shader 'Universal Render Pipeline/Particles/SimpleLit' not found
Refreshing native plugins compatible for Editor in 1.21 ms, found 1 plugins.
Preloading 0 native plugins for Editor in 0.00 ms.
Unloading 4399 Unused Serialized files (Serialized files now loaded: 0)
System memory in use before: 256.1 MB.
System memory in use after: 256.3 MB.

Unloading 9 unused Assets to reduce memory usage. Loaded Objects now: 4954.
Total: 4.928300 ms (FindLiveObjects: 0.643200 ms CreateObjectMapping: 0.570900 ms MarkObjects: 3.572200 ms  DeleteObjects: 0.138300 ms)

========================================================================
Received Import Request.
  Time since last request: 2118.615876 seconds.
  path: Packages/com.unity.render-pipelines.universal/Runtime/Materials/ParticlesUnlit.mat
  artifactKey: Guid(e823cd5b5d27c0f4b8256e7c12ee3e6d) Importer(815301076,1909f56bfc062723c751e8b465ee728b)
Start importing Packages/com.unity.render-pipelines.universal/Runtime/Materials/ParticlesUnlit.mat using Guid(e823cd5b5d27c0f4b8256e7c12ee3e6d) Importer(815301076,1909f56bfc062723c751e8b465ee728b)  -> (artifact id: '6248474fa2fa0189d4c642c69774cbf2') in 0.243911 seconds 
========================================================================
Received Import Request.
  Time since last request: 94.152524 seconds.
  path: Assets/Art/Materials/Background.mat
  artifactKey: Guid(0d94021ae6276b74bbdabd0efd5d8563) Importer(815301076,1909f56bfc062723c751e8b465ee728b)
Start importing Assets/Art/Materials/Background.mat using Guid(0d94021ae6276b74bbdabd0efd5d8563) Importer(815301076,1909f56bfc062723c751e8b465ee728b)  -> (artifact id: '43b08eb5c952b469b31ed67bd1496320') in 0.023262 seconds 
========================================================================
Received Import Request.
  Time since last request: 0.000189 seconds.
  path: Assets/Art/Materials/MA_scar.mat
  artifactKey: Guid(f0256db1b2287b244966d17e9dacd99c) Importer(815301076,1909f56bfc062723c751e8b465ee728b)
Start importing Assets/Art/Materials/MA_scar.mat using Guid(f0256db1b2287b244966d17e9dacd99c) Importer(815301076,1909f56bfc062723c751e8b465ee728b)  -> (artifact id: '84503a12eef876066cd12f175d24d356') in 0.023245 seconds 
========================================================================
Received Import Request.
  Time since last request: 0.000224 seconds.
  path: Assets/Art/Materials/MA_Trail.mat
  artifactKey: Guid(b8655ab2c7e413b4f8c44ca43eb20768) Importer(815301076,1909f56bfc062723c751e8b465ee728b)
Start importing Assets/Art/Materials/MA_Trail.mat using Guid(b8655ab2c7e413b4f8c44ca43eb20768) Importer(815301076,1909f56bfc062723c751e8b465ee728b)  -> (artifact id: 'd4c80c8be4c90cd31a7a72073ac66378') in 0.011822 seconds 
========================================================================
Received Import Request.
  Time since last request: 0.000174 seconds.
  path: Assets/Art/Materials/MA_leef.mat
  artifactKey: Guid(6fa692669425c78469d35e0e97394b34) Importer(815301076,1909f56bfc062723c751e8b465ee728b)
Start importing Assets/Art/Materials/MA_leef.mat using Guid(6fa692669425c78469d35e0e97394b34) Importer(815301076,1909f56bfc062723c751e8b465ee728b)  -> (artifact id: '48d3e42300995879d2a31aa6a500fb79') in 0.378972 seconds 
========================================================================
Received Import Request.
  Time since last request: 0.000223 seconds.
  path: Assets/Art/Materials/MA_frond.mat
  artifactKey: Guid(4cd736c8176602743b158582321f82e8) Importer(815301076,1909f56bfc062723c751e8b465ee728b)
Start importing Assets/Art/Materials/MA_frond.mat using Guid(4cd736c8176602743b158582321f82e8) Importer(815301076,1909f56bfc062723c751e8b465ee728b)  -> (artifact id: '18c6afe8d9768ce5da5b2052932bdf42') in 0.011219 seconds 
========================================================================
Received Import Request.
  Time since last request: 0.000161 seconds.
  path: Assets/Art/Materials/MA_Background.mat
  artifactKey: Guid(d315152fdadf7c2488d9827d9ea3168e) Importer(815301076,1909f56bfc062723c751e8b465ee728b)
Start importing Assets/Art/Materials/MA_Background.mat using Guid(d315152fdadf7c2488d9827d9ea3168e) Importer(815301076,1909f56bfc062723c751e8b465ee728b)  -> (artifact id: '2b5dadd8615148571fc41bcc983ae003') in 0.011050 seconds 
========================================================================
Received Import Request.
  Time since last request: 0.000155 seconds.
  path: Assets/Shader/MA_trail.mat
  artifactKey: Guid(1d5b8357a55377b44ad1bd59df0bbefb) Importer(815301076,1909f56bfc062723c751e8b465ee728b)
Start importing Assets/Shader/MA_trail.mat using Guid(1d5b8357a55377b44ad1bd59df0bbefb) Importer(815301076,1909f56bfc062723c751e8b465ee728b)  -> (artifact id: '5a471c273cc08672405d0c7bab343544') in 0.011842 seconds 
========================================================================
Received Import Request.
  Time since last request: 502.951583 seconds.
  path: Assets/Shader/SH_Trail.shadergraph
  artifactKey: Guid(5f2f47b78fec85e4aafa43f73070cb25) Importer(815301076,1909f56bfc062723c751e8b465ee728b)
Start importing Assets/Shader/SH_Trail.shadergraph using Guid(5f2f47b78fec85e4aafa43f73070cb25) Importer(815301076,1909f56bfc062723c751e8b465ee728b)  -> (artifact id: 'f775a7116bfebe1abbca1f8c201b983b') in 0.006505 seconds 
========================================================================
Received Import Request.
  Time since last request: 415.145436 seconds.
  path: Assets/Shader/SH_Trail.shadergraph
  artifactKey: Guid(5f2f47b78fec85e4aafa43f73070cb25) Importer(815301076,1909f56bfc062723c751e8b465ee728b)
Start importing Assets/Shader/SH_Trail.shadergraph using Guid(5f2f47b78fec85e4aafa43f73070cb25) Importer(815301076,1909f56bfc062723c751e8b465ee728b)  -> (artifact id: '63b36a0eb1e8d07fe050eaaeeab264f8') in 0.002466 seconds 
========================================================================
Received Import Request.
  Time since last request: 571.177192 seconds.
  path: Assets/Shader/MA_trail.mat
  artifactKey: Guid(1d5b8357a55377b44ad1bd59df0bbefb) Importer(815301076,1909f56bfc062723c751e8b465ee728b)
Start importing Assets/Shader/MA_trail.mat using Guid(1d5b8357a55377b44ad1bd59df0bbefb) Importer(815301076,1909f56bfc062723c751e8b465ee728b)  -> (artifact id: '8dc2cb2f6786d0153bbcd444d2ef4412') in 0.012107 seconds 
========================================================================
Received Import Request.
  Time since last request: 0.000198 seconds.
  path: Packages/com.unity.render-pipelines.universal/Runtime/Materials/TerrainLit.mat
  artifactKey: Guid(594ea882c5a793440b60ff72d896021e) Importer(815301076,1909f56bfc062723c751e8b465ee728b)
Start importing Packages/com.unity.render-pipelines.universal/Runtime/Materials/TerrainLit.mat using Guid(594ea882c5a793440b60ff72d896021e) Importer(815301076,1909f56bfc062723c751e8b465ee728b)  -> (artifact id: '7d8eba34b6de7c15d70eb29e03391082') in 0.415481 seconds 
========================================================================
Received Import Request.
  Time since last request: 0.000188 seconds.
  path: Packages/com.unity.render-pipelines.universal/Runtime/Materials/Sprite-Unlit-Default.mat
  artifactKey: Guid(9dfc825aed78fcd4ba02077103263b40) Importer(815301076,1909f56bfc062723c751e8b465ee728b)
Start importing Packages/com.unity.render-pipelines.universal/Runtime/Materials/Sprite-Unlit-Default.mat using Guid(9dfc825aed78fcd4ba02077103263b40) Importer(815301076,1909f56bfc062723c751e8b465ee728b)  -> (artifact id: 'ab18d299f17e0e248015273baa9f807c') in 0.041510 seconds 
========================================================================
Received Import Request.
  Time since last request: 0.000248 seconds.
  path: Packages/com.unity.render-pipelines.universal/Runtime/Materials/SimpleLit.mat
  artifactKey: Guid(6a1143ee683302f4aa628c052723efc1) Importer(815301076,1909f56bfc062723c751e8b465ee728b)
Start importing Packages/com.unity.render-pipelines.universal/Runtime/Materials/SimpleLit.mat using Guid(6a1143ee683302f4aa628c052723efc1) Importer(815301076,1909f56bfc062723c751e8b465ee728b)  -> (artifact id: '633574464ee1fed8fd86f5ebc73f6ec7') in 0.406869 seconds 
========================================================================
Received Import Request.
  Time since last request: 0.000178 seconds.
  path: Packages/com.unity.render-pipelines.universal/Runtime/Materials/Sprite-Lit-Default.mat
  artifactKey: Guid(a97c105638bdf8b4a8650670310a4cd3) Importer(815301076,1909f56bfc062723c751e8b465ee728b)
Start importing Packages/com.unity.render-pipelines.universal/Runtime/Materials/Sprite-Lit-Default.mat using Guid(a97c105638bdf8b4a8650670310a4cd3) Importer(815301076,1909f56bfc062723c751e8b465ee728b)  -> (artifact id: '8edef4332da9d6674da7415c3d259dca') in 0.016715 seconds 
========================================================================
Received Import Request.
  Time since last request: 432.764310 seconds.
  path: Assets/Shader/MA_trail 1.mat
  artifactKey: Guid(df432922ce731bc40b0f7ea20e7e0941) Importer(815301076,1909f56bfc062723c751e8b465ee728b)
Start importing Assets/Shader/MA_trail 1.mat using Guid(df432922ce731bc40b0f7ea20e7e0941) Importer(815301076,1909f56bfc062723c751e8b465ee728b)  -> (artifact id: 'f613ce3c576ec2b1cbc508309d7b5d35') in 0.012689 seconds 
========================================================================
Received Import Request.
  Time since last request: 0.000256 seconds.
  path: Assets/Shader/MA_trail 2.mat
  artifactKey: Guid(a29567d72dd309b41909b26a625d31d2) Importer(815301076,1909f56bfc062723c751e8b465ee728b)
Start importing Assets/Shader/MA_trail 2.mat using Guid(a29567d72dd309b41909b26a625d31d2) Importer(815301076,1909f56bfc062723c751e8b465ee728b)  -> (artifact id: '6144c40860fd898e59f35875a637189f') in 0.010872 seconds 
AssetImportWorkerClient::OnTransportError - code=2 error=End of file
