Using pre-set license
Built from '2021.1/staging' branch; Version is '2021.1.7f1 (d91830b65d9b) revision 14227504'; Using compiler version '192528614'; Build Type 'Release'
OS: 'Windows 10 Home; OS build 19044.1586; Version 2009; 64bit' Language: 'en' Physical Memory: 32599 MB
BatchMode: 1, IsHumanControllingUs: 0, StartBugReporterOnCrash: 0, Is64bit: 1, IsPro: 0

 COMMAND LINE ARGUMENTS:
C:\Program Files\Unity\Hub\Editor\2021.1.7f1\Editor\Unity.exe
-adb2
-batchMode
-noUpm
-name
AssetImportWorker0
-projectPath
C:/Users/mijst/Documents/Git/VFX_2022/VFX_2022/VFX_2022_
-logFile
Logs/AssetImportWorker0.log
-srvPort
58828
Successfully changed project path to: C:/Users/mijst/Documents/Git/VFX_2022/VFX_2022/VFX_2022_
C:/Users/mijst/Documents/Git/VFX_2022/VFX_2022/VFX_2022_
Using Asset Import Pipeline V2.
Refreshing native plugins compatible for Editor in 123.98 ms, found 1 plugins.
Preloading 0 native plugins for Editor in 0.00 ms.
Initialize engine version: 2021.1.7f1 (d91830b65d9b)
[Subsystems] Discovering subsystems at path C:/Program Files/Unity/Hub/Editor/2021.1.7f1/Editor/Data/Resources/UnitySubsystems
[Subsystems] Discovering subsystems at path C:/Users/mijst/Documents/Git/VFX_2022/VFX_2022/VFX_2022_/Assets
GfxDevice: creating device client; threaded=0; jobified=0
Direct3D:
    Version:  Direct3D 11.0 [level 11.1]
    Renderer: NVIDIA GeForce RTX 3070 Laptop GPU (ID=0x249d)
    Vendor:   NVIDIA
    VRAM:     8044 MB
    Driver:   27.21.14.6179
Shader 'Universal Render Pipeline/Particles/Lit': fallback shader 'Universal Render Pipeline/Particles/SimpleLit' not found
Initialize mono
Mono path[0] = 'C:/Program Files/Unity/Hub/Editor/2021.1.7f1/Editor/Data/Managed'
Mono path[1] = 'C:/Program Files/Unity/Hub/Editor/2021.1.7f1/Editor/Data/MonoBleedingEdge/lib/mono/unityjit'
Mono config path = 'C:/Program Files/Unity/Hub/Editor/2021.1.7f1/Editor/Data/MonoBleedingEdge/etc'
Using monoOptions --debugger-agent=transport=dt_socket,embedding=1,server=y,suspend=n,address=127.0.0.1:56644
Begin MonoManager ReloadAssembly
Registering precompiled unity dll's ...
Register platform support module: C:/Program Files/Unity/Hub/Editor/2021.1.7f1/Editor/Data/PlaybackEngines/WindowsStandaloneSupport/UnityEditor.WindowsStandalone.Extensions.dll
Registered in 0.001999 seconds.
Native extension for WindowsStandalone target not found
Refreshing native plugins compatible for Editor in 133.15 ms, found 1 plugins.
Preloading 0 native plugins for Editor in 0.00 ms.
Mono: successfully reloaded assembly
- Completed reload, in  1.517 seconds
Platform modules already initialized, skipping
Registering precompiled user dll's ...
Registered in 0.003206 seconds.
Begin MonoManager ReloadAssembly
Symbol file LoadedFromMemory doesn't match image C:\Users\mijst\Documents\Git\VFX_2022\VFX_2022\VFX_2022_\Library\PackageCache\com.unity.visualscripting@1.6.1\Editor\VisualScripting.Core\Dependencies\YamlDotNet\Unity.VisualScripting.YamlDotNet.dll
Symbol file LoadedFromMemory doesn't match image C:\Users\mijst\Documents\Git\VFX_2022\VFX_2022\VFX_2022_\Library\PackageCache\com.unity.visualscripting@1.6.1\Editor\VisualScripting.Core\Dependencies\DotNetZip\Unity.VisualScripting.IonicZip.dll
Native extension for WindowsStandalone target not found
Refreshing native plugins compatible for Editor in 130.69 ms, found 1 plugins.
Preloading 0 native plugins for Editor in 0.00 ms.
Mono: successfully reloaded assembly
- Completed reload, in  1.574 seconds
Platform modules already initialized, skipping
========================================================================
Worker process is ready to serve import requests
Shader 'Universal Render Pipeline/Particles/Lit': fallback shader 'Universal Render Pipeline/Particles/SimpleLit' not found
Launched and connected shader compiler UnityShaderCompiler.exe after 0.04 seconds
Refreshing native plugins compatible for Editor in 1.01 ms, found 1 plugins.
Preloading 0 native plugins for Editor in 0.00 ms.
Unloading 4471 Unused Serialized files (Serialized files now loaded: 0)
System memory in use before: 262.6 MB.
System memory in use after: 262.9 MB.

Unloading 13 unused Assets to reduce memory usage. Loaded Objects now: 4951.
Total: 3.873100 ms (FindLiveObjects: 0.841000 ms CreateObjectMapping: 0.503800 ms MarkObjects: 2.420700 ms  DeleteObjects: 0.105600 ms)

========================================================================
Received Import Request.
  path: Assets/Scenes/UniversalRenderPipelineAsset_Renderer.asset
  artifactKey: Guid(2f135d889f5f0fa418ab87aa41e1684a) Importer(815301076,1909f56bfc062723c751e8b465ee728b)
Start importing Assets/Scenes/UniversalRenderPipelineAsset_Renderer.asset using Guid(2f135d889f5f0fa418ab87aa41e1684a) Importer(815301076,1909f56bfc062723c751e8b465ee728b)  -> (artifact id: 'df7c41189dea8438c3cc5e85abcf6182') in 0.050488 seconds 
========================================================================
Received Import Request.
  Time since last request: 0.000369 seconds.
  path: Assets/Scenes/UniversalRenderPipelineAsset.asset
  artifactKey: Guid(15b6e0d1ee5b3b1478f2bdfb6d653fca) Importer(815301076,1909f56bfc062723c751e8b465ee728b)
Start importing Assets/Scenes/UniversalRenderPipelineAsset.asset using Guid(15b6e0d1ee5b3b1478f2bdfb6d653fca) Importer(815301076,1909f56bfc062723c751e8b465ee728b)  -> (artifact id: '1583ba480ef856f6942c5e4320de5b31') in 0.006100 seconds 
========================================================================
Received Import Request.
  Time since last request: 0.000252 seconds.
  path: Assets/Scenes/NewShaderVariants.shadervariants
  artifactKey: Guid(2cd1ffb7993748c43aac66899d2d0eb2) Importer(815301076,1909f56bfc062723c751e8b465ee728b)
Start importing Assets/Scenes/NewShaderVariants.shadervariants using Guid(2cd1ffb7993748c43aac66899d2d0eb2) Importer(815301076,1909f56bfc062723c751e8b465ee728b)  -> (artifact id: '9dcacdb30202891db1fec45d038efa1e') in 0.013011 seconds 
========================================================================
Received Prepare
Shader 'Universal Render Pipeline/Particles/Lit': fallback shader 'Universal Render Pipeline/Particles/SimpleLit' not found
Refreshing native plugins compatible for Editor in 3.16 ms, found 1 plugins.
Preloading 0 native plugins for Editor in 0.00 ms.
Unloading 9 Unused Serialized files (Serialized files now loaded: 0)
System memory in use before: 169.1 MB.
System memory in use after: 169.3 MB.

Unloading 9 unused Assets to reduce memory usage. Loaded Objects now: 4951.
Total: 4.753500 ms (FindLiveObjects: 0.419700 ms CreateObjectMapping: 0.499700 ms MarkObjects: 2.862100 ms  DeleteObjects: 0.970100 ms)

========================================================================
Received Import Request.
  Time since last request: 26.807376 seconds.
  path: Assets/Art/UI_Circle.png
  artifactKey: Guid(e78f0d731f5799444a05c1c0774e9da9) Importer(815301076,1909f56bfc062723c751e8b465ee728b)
Start importing Assets/Art/UI_Circle.png using Guid(e78f0d731f5799444a05c1c0774e9da9) Importer(815301076,1909f56bfc062723c751e8b465ee728b)  -> (artifact id: '298e9b7cf7abcecff0919f72e25d290b') in 0.077275 seconds 
========================================================================
Received Import Request.
  Time since last request: 114.977952 seconds.
  path: Assets/Art/UI_Circle 1.png
  artifactKey: Guid(aa8eccfd15ecf3347b7c9f5f60127e1e) Importer(815301076,1909f56bfc062723c751e8b465ee728b)
Start importing Assets/Art/UI_Circle 1.png using Guid(aa8eccfd15ecf3347b7c9f5f60127e1e) Importer(815301076,1909f56bfc062723c751e8b465ee728b)  -> (artifact id: 'fc6fd6012cd12517661e86c987652b27') in 0.012408 seconds 
========================================================================
Received Import Request.
  Time since last request: 6.797069 seconds.
  path: Assets/Art/UI_Circle 2.png
  artifactKey: Guid(5d0ef2df2873ba241a576afa3a68c2b1) Importer(815301076,1909f56bfc062723c751e8b465ee728b)
Start importing Assets/Art/UI_Circle 2.png using Guid(5d0ef2df2873ba241a576afa3a68c2b1) Importer(815301076,1909f56bfc062723c751e8b465ee728b)  -> (artifact id: 'b0e7d8c73400c7923ac1b9e11923fbda') in 0.013874 seconds 
========================================================================
Received Import Request.
  Time since last request: 10.400657 seconds.
  path: Assets/Art/UI_Circle.png
  artifactKey: Guid(e78f0d731f5799444a05c1c0774e9da9) Importer(815301076,1909f56bfc062723c751e8b465ee728b)
Start importing Assets/Art/UI_Circle.png using Guid(e78f0d731f5799444a05c1c0774e9da9) Importer(815301076,1909f56bfc062723c751e8b465ee728b)  -> (artifact id: '77bc18fb067dd36b61f1c9147231e9a3') in 0.055259 seconds 
========================================================================
Received Import Request.
  Time since last request: 18.956439 seconds.
  path: Packages/com.unity.render-pipelines.universal/Runtime/Materials/Lit.mat
  artifactKey: Guid(31321ba15b8f8eb4c954353edc038b1d) Importer(815301076,1909f56bfc062723c751e8b465ee728b)
Start importing Packages/com.unity.render-pipelines.universal/Runtime/Materials/Lit.mat using Guid(31321ba15b8f8eb4c954353edc038b1d) Importer(815301076,1909f56bfc062723c751e8b465ee728b)  -> (artifact id: 'c4baf11fbd7f126923c78ac061b7c083') in 0.189007 seconds 
========================================================================
Received Prepare
Registering precompiled user dll's ...
Registered in 0.002567 seconds.
Begin MonoManager ReloadAssembly
Symbol file LoadedFromMemory doesn't match image C:\Users\mijst\Documents\Git\VFX_2022\VFX_2022\VFX_2022_\Library\PackageCache\com.unity.visualscripting@1.6.1\Editor\VisualScripting.Core\Dependencies\YamlDotNet\Unity.VisualScripting.YamlDotNet.dll
Symbol file LoadedFromMemory doesn't match image C:\Users\mijst\Documents\Git\VFX_2022\VFX_2022\VFX_2022_\Library\PackageCache\com.unity.visualscripting@1.6.1\Editor\VisualScripting.Core\Dependencies\DotNetZip\Unity.VisualScripting.IonicZip.dll
Native extension for WindowsStandalone target not found
Refreshing native plugins compatible for Editor in 1.38 ms, found 1 plugins.
Preloading 0 native plugins for Editor in 0.00 ms.
Mono: successfully reloaded assembly
- Completed reload, in  1.168 seconds
Platform modules already initialized, skipping
Shader 'Universal Render Pipeline/Particles/Lit': fallback shader 'Universal Render Pipeline/Particles/SimpleLit' not found
Refreshing native plugins compatible for Editor in 0.80 ms, found 1 plugins.
Preloading 0 native plugins for Editor in 0.00 ms.
Unloading 4400 Unused Serialized files (Serialized files now loaded: 0)
System memory in use before: 264.7 MB.
System memory in use after: 265.0 MB.

Unloading 9 unused Assets to reduce memory usage. Loaded Objects now: 5091.
Total: 5.163500 ms (FindLiveObjects: 1.042600 ms CreateObjectMapping: 0.365000 ms MarkObjects: 3.618900 ms  DeleteObjects: 0.135700 ms)

========================================================================
Received Prepare
Registering precompiled user dll's ...
Registered in 0.004175 seconds.
Begin MonoManager ReloadAssembly
Symbol file LoadedFromMemory doesn't match image C:\Users\mijst\Documents\Git\VFX_2022\VFX_2022\VFX_2022_\Library\PackageCache\com.unity.visualscripting@1.6.1\Editor\VisualScripting.Core\Dependencies\YamlDotNet\Unity.VisualScripting.YamlDotNet.dll
Symbol file LoadedFromMemory doesn't match image C:\Users\mijst\Documents\Git\VFX_2022\VFX_2022\VFX_2022_\Library\PackageCache\com.unity.visualscripting@1.6.1\Editor\VisualScripting.Core\Dependencies\DotNetZip\Unity.VisualScripting.IonicZip.dll
Native extension for WindowsStandalone target not found
Refreshing native plugins compatible for Editor in 0.92 ms, found 1 plugins.
Preloading 0 native plugins for Editor in 0.00 ms.
Mono: successfully reloaded assembly
- Completed reload, in  1.378 seconds
Platform modules already initialized, skipping
Shader 'Universal Render Pipeline/Particles/Lit': fallback shader 'Universal Render Pipeline/Particles/SimpleLit' not found
Refreshing native plugins compatible for Editor in 0.88 ms, found 1 plugins.
Preloading 0 native plugins for Editor in 0.00 ms.
Unloading 4399 Unused Serialized files (Serialized files now loaded: 0)
System memory in use before: 264.8 MB.
System memory in use after: 265.0 MB.

Unloading 9 unused Assets to reduce memory usage. Loaded Objects now: 5094.
Total: 8.604200 ms (FindLiveObjects: 0.458200 ms CreateObjectMapping: 0.437900 ms MarkObjects: 7.590700 ms  DeleteObjects: 0.116000 ms)

========================================================================
Received Prepare
Registering precompiled user dll's ...
Registered in 0.002710 seconds.
Begin MonoManager ReloadAssembly
Symbol file LoadedFromMemory doesn't match image C:\Users\mijst\Documents\Git\VFX_2022\VFX_2022\VFX_2022_\Library\PackageCache\com.unity.visualscripting@1.6.1\Editor\VisualScripting.Core\Dependencies\YamlDotNet\Unity.VisualScripting.YamlDotNet.dll
Symbol file LoadedFromMemory doesn't match image C:\Users\mijst\Documents\Git\VFX_2022\VFX_2022\VFX_2022_\Library\PackageCache\com.unity.visualscripting@1.6.1\Editor\VisualScripting.Core\Dependencies\DotNetZip\Unity.VisualScripting.IonicZip.dll
Native extension for WindowsStandalone target not found
Refreshing native plugins compatible for Editor in 0.71 ms, found 1 plugins.
Preloading 0 native plugins for Editor in 0.00 ms.
Mono: successfully reloaded assembly
- Completed reload, in  0.948 seconds
Platform modules already initialized, skipping
Shader 'Universal Render Pipeline/Particles/Lit': fallback shader 'Universal Render Pipeline/Particles/SimpleLit' not found
Refreshing native plugins compatible for Editor in 0.67 ms, found 1 plugins.
Preloading 0 native plugins for Editor in 0.00 ms.
Unloading 4399 Unused Serialized files (Serialized files now loaded: 0)
System memory in use before: 264.8 MB.
System memory in use after: 265.1 MB.

Unloading 9 unused Assets to reduce memory usage. Loaded Objects now: 5097.
Total: 2.668800 ms (FindLiveObjects: 0.442500 ms CreateObjectMapping: 0.333800 ms MarkObjects: 1.819000 ms  DeleteObjects: 0.072600 ms)

========================================================================
Received Prepare
Registering precompiled user dll's ...
Registered in 0.003135 seconds.
Begin MonoManager ReloadAssembly
Symbol file LoadedFromMemory doesn't match image C:\Users\mijst\Documents\Git\VFX_2022\VFX_2022\VFX_2022_\Library\PackageCache\com.unity.visualscripting@1.6.1\Editor\VisualScripting.Core\Dependencies\YamlDotNet\Unity.VisualScripting.YamlDotNet.dll
Symbol file LoadedFromMemory doesn't match image C:\Users\mijst\Documents\Git\VFX_2022\VFX_2022\VFX_2022_\Library\PackageCache\com.unity.visualscripting@1.6.1\Editor\VisualScripting.Core\Dependencies\DotNetZip\Unity.VisualScripting.IonicZip.dll
Native extension for WindowsStandalone target not found
Refreshing native plugins compatible for Editor in 0.75 ms, found 1 plugins.
Preloading 0 native plugins for Editor in 0.00 ms.
Mono: successfully reloaded assembly
- Completed reload, in  1.105 seconds
Platform modules already initialized, skipping
Shader 'Universal Render Pipeline/Particles/Lit': fallback shader 'Universal Render Pipeline/Particles/SimpleLit' not found
Refreshing native plugins compatible for Editor in 0.83 ms, found 1 plugins.
Preloading 0 native plugins for Editor in 0.00 ms.
Unloading 4399 Unused Serialized files (Serialized files now loaded: 0)
System memory in use before: 264.9 MB.
System memory in use after: 265.1 MB.

Unloading 9 unused Assets to reduce memory usage. Loaded Objects now: 5100.
Total: 3.573800 ms (FindLiveObjects: 0.703600 ms CreateObjectMapping: 0.460400 ms MarkObjects: 2.324300 ms  DeleteObjects: 0.084400 ms)

========================================================================
Received Import Request.
  Time since last request: 9366.625905 seconds.
  path: Assets/VAG/Particle_Trail.vfx
  artifactKey: Guid(9363701202573574cb7b880a88ad88ac) Importer(815301076,1909f56bfc062723c751e8b465ee728b)
Start importing Assets/VAG/Particle_Trail.vfx using Guid(9363701202573574cb7b880a88ad88ac) Importer(815301076,1909f56bfc062723c751e8b465ee728b)  -> (artifact id: '1d6c8fa1a8f4eca338879e739e51e2d5') in 0.106360 seconds 
========================================================================
Received Import Request.
  Time since last request: 21.693145 seconds.
  path: Assets/Art/pa.mat
  artifactKey: Guid(27cd9a369b54e264a802ca03fe0d301e) Importer(815301076,1909f56bfc062723c751e8b465ee728b)
Start importing Assets/Art/pa.mat using Guid(27cd9a369b54e264a802ca03fe0d301e) Importer(815301076,1909f56bfc062723c751e8b465ee728b)  -> (artifact id: 'c3cd62f8bcc003bb7b7f1846a924d458') in 0.165498 seconds 
========================================================================
Received Prepare
Registering precompiled user dll's ...
Registered in 0.003774 seconds.
Begin MonoManager ReloadAssembly
Symbol file LoadedFromMemory doesn't match image C:\Users\mijst\Documents\Git\VFX_2022\VFX_2022\VFX_2022_\Library\PackageCache\com.unity.visualscripting@1.6.1\Editor\VisualScripting.Core\Dependencies\YamlDotNet\Unity.VisualScripting.YamlDotNet.dll
Symbol file LoadedFromMemory doesn't match image C:\Users\mijst\Documents\Git\VFX_2022\VFX_2022\VFX_2022_\Library\PackageCache\com.unity.visualscripting@1.6.1\Editor\VisualScripting.Core\Dependencies\DotNetZip\Unity.VisualScripting.IonicZip.dll
Native extension for WindowsStandalone target not found
Refreshing native plugins compatible for Editor in 0.89 ms, found 1 plugins.
Preloading 0 native plugins for Editor in 0.00 ms.
Mono: successfully reloaded assembly
- Completed reload, in  1.426 seconds
Platform modules already initialized, skipping
Shader 'Universal Render Pipeline/Particles/Lit': fallback shader 'Universal Render Pipeline/Particles/SimpleLit' not found
Refreshing native plugins compatible for Editor in 0.67 ms, found 1 plugins.
Preloading 0 native plugins for Editor in 0.00 ms.
Unloading 4399 Unused Serialized files (Serialized files now loaded: 0)
System memory in use before: 265.0 MB.
System memory in use after: 265.2 MB.

Unloading 9 unused Assets to reduce memory usage. Loaded Objects now: 5139.
Total: 2.359700 ms (FindLiveObjects: 0.290900 ms CreateObjectMapping: 0.224800 ms MarkObjects: 1.718500 ms  DeleteObjects: 0.124800 ms)

AssetImportWorkerClient::OnTransportError - code=2 error=End of file
